[main] INFO  JdbcDemo  - Main method started
[main] ERROR JdbcDemo  - An error occured in main
[main] INFO  in.vamsoft.log4j.FirstJdbcDemo  - Main method execution started
[main] INFO  in.vamsoft.log4j.FirstJdbcDemo  - connection done
[main] INFO  in.vamsoft.log4j.FirstJdbcDemo  - Main method execution started
[main] INFO  in.vamsoft.log4j.FirstJdbcDemo  - connection done
[main] ERROR in.vamsoft.log4j.FirstJdbcDemo  - Error while establishing the connection
java.sql.SQLException: Exhausted Resultset
	at oracle.jdbc.driver.OracleResultSetImpl.getInt(OracleResultSetImpl.java:915)
	at oracle.jdbc.driver.OracleResultSet.getInt(OracleResultSet.java:434)
	at in.vamsoft.log4j.FirstJdbcDemo.main(FirstJdbcDemo.java:25)
[main] INFO  in.vamsoft.log4j.FirstJdbcDemo  - Main method execution started
[main] ERROR in.vamsoft.log4j.FirstJdbcDemo  - Error while establishing the connection
java.sql.SQLRecoverableException: IO Error: The Network Adapter could not establish the connection
	at oracle.jdbc.driver.T4CConnection.logon(T4CConnection.java:458)
	at oracle.jdbc.driver.PhysicalConnection.<init>(PhysicalConnection.java:546)
	at oracle.jdbc.driver.T4CConnection.<init>(T4CConnection.java:236)
	at oracle.jdbc.driver.T4CDriverExtension.getConnection(T4CDriverExtension.java:32)
	at oracle.jdbc.driver.OracleDriver.connect(OracleDriver.java:521)
	at java.sql.DriverManager.getConnection(DriverManager.java:664)
	at java.sql.DriverManager.getConnection(DriverManager.java:247)
	at in.vamsoft.log4j.FirstJdbcDemo.main(FirstJdbcDemo.java:20)
Caused by: oracle.net.ns.NetException: The Network Adapter could not establish the connection
	at oracle.net.nt.ConnStrategy.execute(ConnStrategy.java:392)
	at oracle.net.resolver.AddrResolution.resolveAndExecute(AddrResolution.java:434)
	at oracle.net.ns.NSProtocol.establishConnection(NSProtocol.java:687)
	at oracle.net.ns.NSProtocol.connect(NSProtocol.java:247)
	at oracle.jdbc.driver.T4CConnection.connect(T4CConnection.java:1102)
	at oracle.jdbc.driver.T4CConnection.logon(T4CConnection.java:320)
	... 7 more
Caused by: java.net.ConnectException: Connection refused (Connection refused)
	at java.net.PlainSocketImpl.socketConnect(Native Method)
	at java.net.AbstractPlainSocketImpl.doConnect(AbstractPlainSocketImpl.java:350)
	at java.net.AbstractPlainSocketImpl.connectToAddress(AbstractPlainSocketImpl.java:206)
	at java.net.AbstractPlainSocketImpl.connect(AbstractPlainSocketImpl.java:188)
	at java.net.SocksSocketImpl.connect(SocksSocketImpl.java:392)
	at java.net.Socket.connect(Socket.java:589)
	at oracle.net.nt.TcpNTAdapter.connect(TcpNTAdapter.java:150)
	at oracle.net.nt.ConnOption.connect(ConnOption.java:133)
	at oracle.net.nt.ConnStrategy.execute(ConnStrategy.java:370)
	... 12 more
